<?xml version="1.0" encoding="UTF-8"?>
<robot generator="Robot 7.4.1 (Python 3.14.2 on win32)" generated="2025-12-29T21:55:09.025104" rpa="false" schemaversion="5">
<suite id="s1" name="Test" source="C:\Users\User\Desktop\Software Engineering\TestAutomationLab\test\test.robot">
<test id="s1-t1" name="Go To Homepage" line="9">
<kw name="Open Browser" owner="SeleniumLibrary">
<msg time="2025-12-29T21:55:09.226488" level="INFO">Opening browser 'Chrome' to base url 'http://www.google.com'.</msg>
<arg>${HOMEPAGE}</arg>
<arg>${BROWSER}</arg>
<doc>Opens a new browser instance to the optional ``url``.</doc>
<status status="PASS" start="2025-12-29T21:55:09.226217" elapsed="1.928205"/>
</kw>
<status status="PASS" start="2025-12-29T21:55:09.225465" elapsed="1.929854"/>
</test>
<status status="PASS" start="2025-12-29T21:55:09.026300" elapsed="2.130732"/>
</suite>
<statistics>
<total>
<stat pass="1" fail="0" skip="0">All Tests</stat>
</total>
<tag>
</tag>
<suite>
<stat name="Test" id="s1" pass="1" fail="0" skip="0">Test</stat>
</suite>
</statistics>
<errors>
</errors>
</robot>
