<?xml version="1.0" encoding="UTF-8"?>
<robot generator="Robot 7.4.1 (Python 3.14.2 on win32)" generated="2026-01-02T19:15:10.904682" rpa="false" schemaversion="5">
<suite id="s1" name="UAT Lab04 001" source="C:\Users\User\Desktop\Software Engineering\TestAutomationLab\test\UAT-Lab04-001\UAT_Lab04_001.robot">
<test id="s1-t1" name="UAT-Lab04-001-TC01 Register Success With Organization" line="11">
<kw name="Open Registration Page" owner="resource_keywords">
<kw name="Open Browser" owner="SeleniumLibrary">
<msg time="2026-01-02T19:15:11.108840" level="INFO">Opening browser 'Chrome' to base url 'http://localhost:7272/Lab4/Registration.html'.</msg>
<arg>${URL}</arg>
<arg>${BROWSER}</arg>
<doc>Opens a new browser instance to the optional ``url``.</doc>
<status status="PASS" start="2026-01-02T19:15:11.108613" elapsed="1.642020"/>
</kw>
<kw name="Maximize Browser Window" owner="SeleniumLibrary">
<doc>Maximizes current browser window.</doc>
<status status="PASS" start="2026-01-02T19:15:12.750863" elapsed="0.037711"/>
</kw>
<kw name="Page Should Contain" owner="SeleniumLibrary">
<msg time="2026-01-02T19:15:12.814674" level="INFO">Current page contains text 'Workshop Registration'.</msg>
<arg>Workshop Registration</arg>
<doc>Verifies that current page contains ``text``.</doc>
<status status="PASS" start="2026-01-02T19:15:12.789296" elapsed="0.025515"/>
</kw>
<status status="PASS" start="2026-01-02T19:15:11.108074" elapsed="1.706882"/>
</kw>
<kw name="Fill Registration Form" owner="resource_keywords">
<kw name="Input Text" owner="SeleniumLibrary">
<msg time="2026-01-02T19:15:12.817837" level="INFO">Typing text 'Somyod' into text field 'id=firstname'.</msg>
<arg>id=firstname</arg>
<arg>${fname}</arg>
<doc>Types the given ``text`` into the text field identified by ``locator``.</doc>
<status status="PASS" start="2026-01-02T19:15:12.816586" elapsed="0.201268"/>
</kw>
<kw name="Input Text" owner="SeleniumLibrary">
<msg time="2026-01-02T19:15:13.019464" level="INFO">Typing text 'Sodsai' into text field 'id=lastname'.</msg>
<arg>id=lastname</arg>
<arg>${lname}</arg>
<doc>Types the given ``text`` into the text field identified by ``locator``.</doc>
<status status="PASS" start="2026-01-02T19:15:13.018549" elapsed="0.148490"/>
</kw>
<kw name="Input Text" owner="SeleniumLibrary">
<msg time="2026-01-02T19:15:13.167513" level="INFO">Typing text 'CS KKU' into text field 'id=organization'.</msg>
<arg>id=organization</arg>
<arg>${org}</arg>
<doc>Types the given ``text`` into the text field identified by ``locator``.</doc>
<status status="PASS" start="2026-01-02T19:15:13.167244" elapsed="0.143954"/>
</kw>
<kw name="Input Text" owner="SeleniumLibrary">
<msg time="2026-01-02T19:15:13.311736" level="INFO">Typing text 'somyod@kkumail.com' into text field 'id=email'.</msg>
<arg>id=email</arg>
<arg>${email}</arg>
<doc>Types the given ``text`` into the text field identified by ``locator``.</doc>
<status status="PASS" start="2026-01-02T19:15:13.311421" elapsed="0.125144"/>
</kw>
<kw name="Input Text" owner="SeleniumLibrary">
<msg time="2026-01-02T19:15:13.437301" level="INFO">Typing text '091-001-1234' into text field 'id=phone'.</msg>
<arg>id=phone</arg>
<arg>${phone}</arg>
<doc>Types the given ``text`` into the text field identified by ``locator``.</doc>
<status status="PASS" start="2026-01-02T19:15:13.436816" elapsed="0.134841"/>
</kw>
<arg>Somyod</arg>
<arg>Sodsai</arg>
<arg>CS KKU</arg>
<arg>somyod@kkumail.com</arg>
<arg>091-001-1234</arg>
<status status="PASS" start="2026-01-02T19:15:12.815597" elapsed="0.756287"/>
</kw>
<kw name="Submit Registration" owner="resource_keywords">
<kw name="Click Button" owner="SeleniumLibrary">
<msg time="2026-01-02T19:15:13.576690" level="INFO">Clicking button 'Register'.</msg>
<arg>Register</arg>
<doc>Clicks the button identified by ``locator``.</doc>
<status status="PASS" start="2026-01-02T19:15:13.576327" elapsed="0.198334"/>
</kw>
<status status="PASS" start="2026-01-02T19:15:13.575729" elapsed="0.199114"/>
</kw>
<kw name="Registration Should Be Successful" owner="resource_keywords">
<kw name="Title Should Be" owner="SeleniumLibrary">
<msg time="2026-01-02T19:15:13.782852" level="INFO">Page title is 'Success'.</msg>
<arg>Success</arg>
<doc>Verifies that the current page title equals ``title``.</doc>
<status status="PASS" start="2026-01-02T19:15:13.775976" elapsed="0.006980"/>
</kw>
<kw name="Page Should Contain" owner="SeleniumLibrary">
<msg time="2026-01-02T19:15:13.795423" level="INFO">Current page contains text 'Thank you for registering with us.'.</msg>
<arg>Thank you for registering with us.</arg>
<doc>Verifies that current page contains ``text``.</doc>
<status status="PASS" start="2026-01-02T19:15:13.783160" elapsed="0.012429"/>
</kw>
<kw name="Page Should Contain" owner="SeleniumLibrary">
<msg time="2026-01-02T19:15:13.817146" level="INFO">Current page contains text 'We will send a confirmation to your email soon.'.</msg>
<arg>We will send a confirmation to your email soon.</arg>
<doc>Verifies that current page contains ``text``.</doc>
<status status="PASS" start="2026-01-02T19:15:13.795794" elapsed="0.021513"/>
</kw>
<status status="PASS" start="2026-01-02T19:15:13.775660" elapsed="0.041825"/>
</kw>
<kw name="Capture Page Screenshot" owner="SeleniumLibrary">
<msg time="2026-01-02T19:15:13.896256" level="INFO" html="true">&lt;/td&gt;&lt;/tr&gt;&lt;tr&gt;&lt;td colspan="3"&gt;&lt;a href="selenium-screenshot-1.png"&gt;&lt;img src="selenium-screenshot-1.png" width="800px"&gt;&lt;/a&gt;</msg>
<doc>Takes a screenshot of the current page and embeds it into a log file.</doc>
<status status="PASS" start="2026-01-02T19:15:13.818622" elapsed="0.077751"/>
</kw>
<kw name="Close Browser" owner="SeleniumLibrary">
<doc>Closes the current browser.</doc>
<status status="PASS" start="2026-01-02T19:15:13.896975" elapsed="2.171060"/>
</kw>
<doc>Register success with complete information</doc>
<status status="PASS" start="2026-01-02T19:15:11.107492" elapsed="4.961551"/>
</test>
<test id="s1-t2" name="UAT-Lab04-001-TC02 Register Success Without Organization" line="20">
<kw name="Open Registration Page" owner="resource_keywords">
<kw name="Open Browser" owner="SeleniumLibrary">
<msg time="2026-01-02T19:15:16.072868" level="INFO">Opening browser 'Chrome' to base url 'http://localhost:7272/Lab4/Registration.html'.</msg>
<arg>${URL}</arg>
<arg>${BROWSER}</arg>
<doc>Opens a new browser instance to the optional ``url``.</doc>
<status status="PASS" start="2026-01-02T19:15:16.072419" elapsed="1.502164"/>
</kw>
<kw name="Maximize Browser Window" owner="SeleniumLibrary">
<doc>Maximizes current browser window.</doc>
<status status="PASS" start="2026-01-02T19:15:17.575218" elapsed="0.045428"/>
</kw>
<kw name="Page Should Contain" owner="SeleniumLibrary">
<msg time="2026-01-02T19:15:17.642041" level="INFO">Current page contains text 'Workshop Registration'.</msg>
<arg>Workshop Registration</arg>
<doc>Verifies that current page contains ``text``.</doc>
<status status="PASS" start="2026-01-02T19:15:17.620858" elapsed="0.021403"/>
</kw>
<status status="PASS" start="2026-01-02T19:15:16.071836" elapsed="1.570696"/>
</kw>
<kw name="Fill Registration Form" owner="resource_keywords">
<kw name="Input Text" owner="SeleniumLibrary">
<msg time="2026-01-02T19:15:17.645081" level="INFO">Typing text 'Somyod' into text field 'id=firstname'.</msg>
<arg>id=firstname</arg>
<arg>${fname}</arg>
<doc>Types the given ``text`` into the text field identified by ``locator``.</doc>
<status status="PASS" start="2026-01-02T19:15:17.644183" elapsed="0.185592"/>
</kw>
<kw name="Input Text" owner="SeleniumLibrary">
<msg time="2026-01-02T19:15:17.830407" level="INFO">Typing text 'Sodsai' into text field 'id=lastname'.</msg>
<arg>id=lastname</arg>
<arg>${lname}</arg>
<doc>Types the given ``text`` into the text field identified by ``locator``.</doc>
<status status="PASS" start="2026-01-02T19:15:17.830020" elapsed="0.144258"/>
</kw>
<kw name="Input Text" owner="SeleniumLibrary">
<msg time="2026-01-02T19:15:17.974832" level="INFO">Typing text '' into text field 'id=organization'.</msg>
<arg>id=organization</arg>
<arg>${org}</arg>
<doc>Types the given ``text`` into the text field identified by ``locator``.</doc>
<status status="PASS" start="2026-01-02T19:15:17.974512" elapsed="0.083145"/>
</kw>
<kw name="Input Text" owner="SeleniumLibrary">
<msg time="2026-01-02T19:15:18.058451" level="INFO">Typing text 'somyod@kkumail.com' into text field 'id=email'.</msg>
<arg>id=email</arg>
<arg>${email}</arg>
<doc>Types the given ``text`` into the text field identified by ``locator``.</doc>
<status status="PASS" start="2026-01-02T19:15:18.058058" elapsed="0.138757"/>
</kw>
<kw name="Input Text" owner="SeleniumLibrary">
<msg time="2026-01-02T19:15:18.197305" level="INFO">Typing text '091-001-1234' into text field 'id=phone'.</msg>
<arg>id=phone</arg>
<arg>${phone}</arg>
<doc>Types the given ``text`` into the text field identified by ``locator``.</doc>
<status status="PASS" start="2026-01-02T19:15:18.197025" elapsed="0.104678"/>
</kw>
<arg>Somyod</arg>
<arg>Sodsai</arg>
<arg>${EMPTY}</arg>
<arg>somyod@kkumail.com</arg>
<arg>091-001-1234</arg>
<status status="PASS" start="2026-01-02T19:15:17.643223" elapsed="0.658618"/>
</kw>
<kw name="Submit Registration" owner="resource_keywords">
<kw name="Click Button" owner="SeleniumLibrary">
<msg time="2026-01-02T19:15:18.303719" level="INFO">Clicking button 'Register'.</msg>
<arg>Register</arg>
<doc>Clicks the button identified by ``locator``.</doc>
<status status="PASS" start="2026-01-02T19:15:18.303382" elapsed="0.135428"/>
</kw>
<status status="PASS" start="2026-01-02T19:15:18.302860" elapsed="0.136228"/>
</kw>
<kw name="Registration Should Be Successful" owner="resource_keywords">
<kw name="Title Should Be" owner="SeleniumLibrary">
<msg time="2026-01-02T19:15:18.462914" level="INFO">Page title is 'Success'.</msg>
<arg>Success</arg>
<doc>Verifies that the current page title equals ``title``.</doc>
<status status="PASS" start="2026-01-02T19:15:18.447866" elapsed="0.015235"/>
</kw>
<kw name="Page Should Contain" owner="SeleniumLibrary">
<msg time="2026-01-02T19:15:18.499765" level="INFO">Current page contains text 'Thank you for registering with us.'.</msg>
<arg>Thank you for registering with us.</arg>
<doc>Verifies that current page contains ``text``.</doc>
<status status="PASS" start="2026-01-02T19:15:18.463437" elapsed="0.036435"/>
</kw>
<kw name="Page Should Contain" owner="SeleniumLibrary">
<msg time="2026-01-02T19:15:18.525065" level="INFO">Current page contains text 'We will send a confirmation to your email soon.'.</msg>
<arg>We will send a confirmation to your email soon.</arg>
<doc>Verifies that current page contains ``text``.</doc>
<status status="PASS" start="2026-01-02T19:15:18.500044" elapsed="0.025201"/>
</kw>
<status status="PASS" start="2026-01-02T19:15:18.447520" elapsed="0.077915"/>
</kw>
<kw name="Capture Page Screenshot" owner="SeleniumLibrary">
<msg time="2026-01-02T19:15:18.622643" level="INFO" html="true">&lt;/td&gt;&lt;/tr&gt;&lt;tr&gt;&lt;td colspan="3"&gt;&lt;a href="selenium-screenshot-2.png"&gt;&lt;img src="selenium-screenshot-2.png" width="800px"&gt;&lt;/a&gt;</msg>
<doc>Takes a screenshot of the current page and embeds it into a log file.</doc>
<status status="PASS" start="2026-01-02T19:15:18.529457" elapsed="0.093407"/>
</kw>
<kw name="Close Browser" owner="SeleniumLibrary">
<doc>Closes the current browser.</doc>
<status status="PASS" start="2026-01-02T19:15:18.623405" elapsed="2.173332"/>
</kw>
<doc>Register success without organization info</doc>
<status status="PASS" start="2026-01-02T19:15:16.070668" elapsed="4.726307"/>
</test>
<doc>Test Scenario: UAT-Lab04-001 Workshop Registration</doc>
<status status="PASS" start="2026-01-02T19:15:10.905766" elapsed="9.891696"/>
</suite>
<statistics>
<total>
<stat pass="2" fail="0" skip="0">All Tests</stat>
</total>
<tag>
</tag>
<suite>
<stat name="UAT Lab04 001" id="s1" pass="2" fail="0" skip="0">UAT Lab04 001</stat>
</suite>
</statistics>
<errors>
</errors>
</robot>
