<?xml version="1.0" encoding="UTF-8"?>
<robot generator="Robot 7.4.1 (Python 3.14.2 on win32)" generated="2025-12-30T15:33:35.891611" rpa="false" schemaversion="5">
<suite id="s1" name="Case1" source="C:\Users\User\Desktop\Software Engineering\TestAutomationLab\test\UAT-Lab04-001\case1.robot">
<test id="s1-t1" name="Open Workshop Registration Page" line="9">
<kw name="Open Browser" owner="SeleniumLibrary">
<msg time="2025-12-30T15:33:36.056546" level="INFO">Opening browser 'Chrome' to base url 'http://localhost:7272/Lab4/Registration.html'.</msg>
<arg>${URL}</arg>
<arg>${BROWSER}</arg>
<doc>Opens a new browser instance to the optional ``url``.</doc>
<status status="PASS" start="2025-12-30T15:33:36.056312" elapsed="1.603836"/>
</kw>
<kw name="Maximize Browser Window" owner="SeleniumLibrary">
<doc>Maximizes current browser window.</doc>
<status status="PASS" start="2025-12-30T15:33:37.661035" elapsed="0.074215"/>
</kw>
<kw name="Page Should Contain Element" owner="SeleniumLibrary">
<msg time="2025-12-30T15:33:37.809605" level="INFO">Current page contains element 'xpath=//h1'.</msg>
<arg>xpath=//h1</arg>
<doc>Verifies that element ``locator`` is found on the current page.</doc>
<status status="PASS" start="2025-12-30T15:33:37.738051" elapsed="0.071815"/>
</kw>
<kw name="Element Text Should Be" owner="SeleniumLibrary">
<msg time="2025-12-30T15:33:37.812353" level="INFO">Verifying element 'xpath=//h1' contains exact text 'Workshop Registration'.</msg>
<arg>xpath=//h1</arg>
<arg>Workshop Registration</arg>
<doc>Verifies that element ``locator`` contains exact the text ``expected``.</doc>
<status status="PASS" start="2025-12-30T15:33:37.811943" elapsed="0.060221"/>
</kw>
<status status="PASS" start="2025-12-30T15:33:36.055394" elapsed="1.820023"/>
</test>
<status status="PASS" start="2025-12-30T15:33:35.893116" elapsed="1.985879"/>
</suite>
<statistics>
<total>
<stat pass="1" fail="0" skip="0">All Tests</stat>
</total>
<tag>
</tag>
<suite>
<stat name="Case1" id="s1" pass="1" fail="0" skip="0">Case1</stat>
</suite>
</statistics>
<errors>
</errors>
</robot>
